Content-Length: 2512
{"jsonrpc":"2.0","id":0,"method":"initialize","params":{"processId":16512,"rootPath":"d:\\Cursos\\Next Level Week\\server","rootUri":"file:///d%3A/Cursos/Next%20Level%20Week/server","capabilities":{"workspace":{"applyEdit":true,"workspaceEdit":{"documentChanges":true},"didChangeConfiguration":{"dynamicRegistration":true},"didChangeWatchedFiles":{"dynamicRegistration":true},"symbol":{"dynamicRegistration":true,"symbolKind":{"valueSet":[1,2,3,4,5,6,7,8,9,10,11,12,13,14,15,16,17,18,19,20,21,22,23,24,25,26]}},"executeCommand":{"dynamicRegistration":true},"configuration":true,"workspaceFolders":true},"textDocument":{"publishDiagnostics":{"relatedInformation":true},"synchronization":{"dynamicRegistration":true,"willSave":true,"willSaveWaitUntil":true,"didSave":true},"completion":{"dynamicRegistration":true,"contextSupport":true,"completionItem":{"snippetSupport":true,"commitCharactersSupport":true,"documentationFormat":["markdown","plaintext"],"deprecatedSupport":true,"preselectSupport":true},"completionItemKind":{"valueSet":[1,2,3,4,5,6,7,8,9,10,11,12,13,14,15,16,17,18,19,20,21,22,23,24,25]}},"hover":{"dynamicRegistration":true,"contentFormat":["markdown","plaintext"]},"signatureHelp":{"dynamicRegistration":true,"signatureInformation":{"documentationFormat":["markdown","plaintext"]}},"definition":{"dynamicRegistration":true},"references":{"dynamicRegistration":true},"documentHighlight":{"dynamicRegistration":true},"documentSymbol":{"dynamicRegistration":true,"symbolKind":{"valueSet":[1,2,3,4,5,6,7,8,9,10,11,12,13,14,15,16,17,18,19,20,21,22,23,24,25,26]},"hierarchicalDocumentSymbolSupport":true},"codeAction":{"dynamicRegistration":true,"codeActionLiteralSupport":{"codeActionKind":{"valueSet":["","quickfix","refactor","refactor.extract","refactor.inline","refactor.rewrite","source","source.organizeImports"]}}},"codeLens":{"dynamicRegistration":true},"formatting":{"dynamicRegistration":true},"rangeFormatting":{"dynamicRegistration":true},"onTypeFormatting":{"dynamicRegistration":true},"rename":{"dynamicRegistration":true},"documentLink":{"dynamicRegistration":true},"typeDefinition":{"dynamicRegistration":true},"implementation":{"dynamicRegistration":true},"colorProvider":{"dynamicRegistration":true},"foldingRange":{"dynamicRegistration":true,"rangeLimit":5000,"lineFoldingOnly":true}}},"initializationOptions":{"launchArgs":["--log-file=totvsls.log","--record=totvsls"]},"trace":"off","workspaceFolders":[{"uri":"file:///d%3A/Cursos/Next%20Level%20Week/server","name":"server"}]}}
Content-Length: 52
{"jsonrpc":"2.0","method":"initialized","params":{}}
Content-Length: 146
{"jsonrpc":"2.0","id":1,"method":"$totvsserver/changeSetting","params":{"changeSettingInfo":{"scope":"advpls","key":"autocomplete","value":"LS"}}}
Content-Length: 174
{"jsonrpc":"2.0","id":2,"method":"$totvsserver/changeSetting","params":{"changeSettingInfo":{"scope":"advpls","key":"notificationlevel","value":"errors warnings and infos"}}}
Content-Length: 726
{"jsonrpc":"2.0","id":3,"method":"$totvsserver/reconnect","params":{"reconnectInfo":{"connectionToken":"djI6Z3I3eTIzenI4N2hrYjB5MnN2c24yaHVjbnByb246MTp6ZDZqeHotcHJkLXByb3RoZXVzLnRvdHZzY2xvdWQuY29tLmJyOjIwMDE6MTo3LjAwLjE3MDExN0E=:djE6emQ2anh6OmFkbWluOktPUUkrYk40c0lQenJkbnR0QWdqVXpINEo0c1hna2JHb0RpbCtLUGdHbFU9|djI6MTU5MTI4NTQzODowOjE6MQ==.PDmcn1WKo9p0KT/e6Irxegzfg+uVfwBElUH979zg/ANt8m0Ux+20NmDALT87PRi61wxak7MdXkZ75umMlJW/xxBwLHhvgGrFfmvoC33fM7s+ovgiFGzhlKvzQj+MBPeFA65p/T3mngVEzgatu22kfJIBTfHzmQ8Fu1ulT6+7qPQsi04iRYB3O6UCxEIXciNOjm9FT0N/h3zF578y5fcjr1OM4hJoTpjOYlPmr0pMkhfDUjt0J7UolRgCFXJA4SvlngrpV0l8AF8swPKyBiMjrxJZozJ8NGh/iWjGuJtBQbY0N1w/KfapMHLbVyUuDthq30MlGGQ1FQIGvzz7j8MuuA==","serverName":"Produção","connType":3}}}
Content-Length: 160
{"jsonrpc":"2.0","method":"$advpl/textDocumentDidView","params":{"textDocumentUri":"file:///d%3A/Cursos/Next%20Level%20Week/server/src/database/connection.ts"}}
Content-Length: 146
{"jsonrpc":"2.0","id":4,"method":"$totvsserver/changeSetting","params":{"changeSettingInfo":{"scope":"advpls","key":"autocomplete","value":"LS"}}}
Content-Length: 174
{"jsonrpc":"2.0","id":5,"method":"$totvsserver/changeSetting","params":{"changeSettingInfo":{"scope":"advpls","key":"notificationlevel","value":"errors warnings and infos"}}}
Content-Length: 76
{"jsonrpc":"2.0","method":"$/setTraceNotification","params":{"value":"off"}}
Content-Length: 147
{"jsonrpc":"2.0","method":"$advpl/textDocumentDidView","params":{"textDocumentUri":"file:///d%3A/Cursos/Next%20Level%20Week/server/src/routes.ts"}}
Content-Length: 168
{"jsonrpc":"2.0","method":"$advpl/textDocumentDidView","params":{"textDocumentUri":"file:///d%3A/Cursos/Next%20Level%20Week/server/src/database/seeds/create_items.ts"}}
Content-Length: 147
{"jsonrpc":"2.0","method":"$advpl/textDocumentDidView","params":{"textDocumentUri":"file:///d%3A/Cursos/Next%20Level%20Week/server/src/routes.ts"}}
Content-Length: 147
{"jsonrpc":"2.0","method":"$advpl/textDocumentDidView","params":{"textDocumentUri":"file:///d%3A/Cursos/Next%20Level%20Week/server/src/server.ts"}}
Content-Length: 168
{"jsonrpc":"2.0","method":"$advpl/textDocumentDidView","params":{"textDocumentUri":"file:///d%3A/Cursos/Next%20Level%20Week/server/src/database/seeds/create_items.ts"}}
Content-Length: 168
{"jsonrpc":"2.0","method":"$advpl/textDocumentDidView","params":{"textDocumentUri":"file:///d%3A/Cursos/Next%20Level%20Week/server/src/database/seeds/create_items.ts"}}
Content-Length: 145
{"jsonrpc":"2.0","method":"$advpl/textDocumentDidView","params":{"textDocumentUri":"file:///d%3A/Cursos/Next%20Level%20Week/server/knexfile.ts"}}
Content-Length: 146
{"jsonrpc":"2.0","method":"$advpl/textDocumentDidView","params":{"textDocumentUri":"file:///d%3A/Cursos/Next%20Level%20Week/server/package.json"}}
Content-Length: 168
{"jsonrpc":"2.0","method":"$advpl/textDocumentDidView","params":{"textDocumentUri":"file:///d%3A/Cursos/Next%20Level%20Week/server/src/database/seeds/create_items.ts"}}
Content-Length: 146
{"jsonrpc":"2.0","method":"$advpl/textDocumentDidView","params":{"textDocumentUri":"file:///d%3A/Cursos/Next%20Level%20Week/server/package.json"}}
Content-Length: 145
{"jsonrpc":"2.0","method":"$advpl/textDocumentDidView","params":{"textDocumentUri":"file:///d%3A/Cursos/Next%20Level%20Week/server/knexfile.ts"}}
Content-Length: 146
{"jsonrpc":"2.0","method":"$advpl/textDocumentDidView","params":{"textDocumentUri":"file:///d%3A/Cursos/Next%20Level%20Week/server/package.json"}}
Content-Length: 147
{"jsonrpc":"2.0","method":"$advpl/textDocumentDidView","params":{"textDocumentUri":"file:///d%3A/Cursos/Next%20Level%20Week/server/src/server.ts"}}
Content-Length: 146
{"jsonrpc":"2.0","method":"$advpl/textDocumentDidView","params":{"textDocumentUri":"file:///d%3A/Cursos/Next%20Level%20Week/server/package.json"}}
Content-Length: 168
{"jsonrpc":"2.0","method":"$advpl/textDocumentDidView","params":{"textDocumentUri":"file:///d%3A/Cursos/Next%20Level%20Week/server/src/database/seeds/create_items.ts"}}
Content-Length: 147
{"jsonrpc":"2.0","method":"$advpl/textDocumentDidView","params":{"textDocumentUri":"file:///d%3A/Cursos/Next%20Level%20Week/server/src/routes.ts"}}
Content-Length: 147
{"jsonrpc":"2.0","method":"$advpl/textDocumentDidView","params":{"textDocumentUri":"file:///d%3A/Cursos/Next%20Level%20Week/server/src/server.ts"}}
Content-Length: 147
{"jsonrpc":"2.0","method":"$advpl/textDocumentDidView","params":{"textDocumentUri":"file:///d%3A/Cursos/Next%20Level%20Week/server/src/routes.ts"}}
Content-Length: 146
{"jsonrpc":"2.0","method":"$advpl/textDocumentDidView","params":{"textDocumentUri":"file:///d%3A/Cursos/Next%20Level%20Week/server/package.json"}}
Content-Length: 147
{"jsonrpc":"2.0","method":"$advpl/textDocumentDidView","params":{"textDocumentUri":"file:///d%3A/Cursos/Next%20Level%20Week/server/src/routes.ts"}}
Content-Length: 177
{"jsonrpc":"2.0","method":"$advpl/textDocumentDidView","params":{"textDocumentUri":"file:///d%3A/Cursos/Next%20Level%20Week/server/src/database/migrations/00_create_points.ts"}}
Content-Length: 177
{"jsonrpc":"2.0","method":"$advpl/textDocumentDidView","params":{"textDocumentUri":"file:///d%3A/Cursos/Next%20Level%20Week/server/src/database/migrations/00_create_points.ts"}}
Content-Length: 177
{"jsonrpc":"2.0","method":"$advpl/textDocumentDidView","params":{"textDocumentUri":"file:///d%3A/Cursos/Next%20Level%20Week/server/src/database/migrations/00_create_points.ts"}}
Content-Length: 177
{"jsonrpc":"2.0","method":"$advpl/textDocumentDidView","params":{"textDocumentUri":"file:///d%3A/Cursos/Next%20Level%20Week/server/src/database/migrations/00_create_points.ts"}}
Content-Length: 147
{"jsonrpc":"2.0","method":"$advpl/textDocumentDidView","params":{"textDocumentUri":"file:///d%3A/Cursos/Next%20Level%20Week/server/src/routes.ts"}}
Content-Length: 147
{"jsonrpc":"2.0","method":"$advpl/textDocumentDidView","params":{"textDocumentUri":"file:///d%3A/Cursos/Next%20Level%20Week/server/src/routes.ts"}}
Content-Length: 177
{"jsonrpc":"2.0","method":"$advpl/textDocumentDidView","params":{"textDocumentUri":"file:///d%3A/Cursos/Next%20Level%20Week/server/src/database/migrations/00_create_points.ts"}}
Content-Length: 147
{"jsonrpc":"2.0","method":"$advpl/textDocumentDidView","params":{"textDocumentUri":"file:///d%3A/Cursos/Next%20Level%20Week/server/src/routes.ts"}}
Content-Length: 168
{"jsonrpc":"2.0","method":"$advpl/textDocumentDidView","params":{"textDocumentUri":"file:///d%3A/Cursos/Next%20Level%20Week/server/src/controllers/ItemsController.ts"}}
Content-Length: 169
{"jsonrpc":"2.0","method":"$advpl/textDocumentDidView","params":{"textDocumentUri":"file:///d%3A/Cursos/Next%20Level%20Week/server/src/controllers/PointsController.ts"}}
Content-Length: 169
{"jsonrpc":"2.0","method":"$advpl/textDocumentDidView","params":{"textDocumentUri":"file:///d%3A/Cursos/Next%20Level%20Week/server/src/controllers/PointsController.ts"}}
Content-Length: 169
{"jsonrpc":"2.0","method":"$advpl/textDocumentDidView","params":{"textDocumentUri":"file:///d%3A/Cursos/Next%20Level%20Week/server/src/controllers/PointsController.ts"}}
Content-Length: 169
{"jsonrpc":"2.0","method":"$advpl/textDocumentDidView","params":{"textDocumentUri":"file:///d%3A/Cursos/Next%20Level%20Week/server/src/controllers/PointsController.ts"}}
Content-Length: 168
{"jsonrpc":"2.0","method":"$advpl/textDocumentDidView","params":{"textDocumentUri":"file:///d%3A/Cursos/Next%20Level%20Week/server/src/controllers/ItemsController.ts"}}
Content-Length: 169
{"jsonrpc":"2.0","method":"$advpl/textDocumentDidView","params":{"textDocumentUri":"file:///d%3A/Cursos/Next%20Level%20Week/server/src/controllers/PointsController.ts"}}
Content-Length: 147
{"jsonrpc":"2.0","method":"$advpl/textDocumentDidView","params":{"textDocumentUri":"file:///d%3A/Cursos/Next%20Level%20Week/server/src/routes.ts"}}
Content-Length: 147
{"jsonrpc":"2.0","method":"$advpl/textDocumentDidView","params":{"textDocumentUri":"file:///d%3A/Cursos/Next%20Level%20Week/server/src/routes.ts"}}
Content-Length: 169
{"jsonrpc":"2.0","method":"$advpl/textDocumentDidView","params":{"textDocumentUri":"file:///d%3A/Cursos/Next%20Level%20Week/server/src/controllers/PointsController.ts"}}
Content-Length: 147
{"jsonrpc":"2.0","method":"$advpl/textDocumentDidView","params":{"textDocumentUri":"file:///d%3A/Cursos/Next%20Level%20Week/server/src/routes.ts"}}
Content-Length: 168
{"jsonrpc":"2.0","method":"$advpl/textDocumentDidView","params":{"textDocumentUri":"file:///d%3A/Cursos/Next%20Level%20Week/server/src/controllers/ItemsController.ts"}}
Content-Length: 169
{"jsonrpc":"2.0","method":"$advpl/textDocumentDidView","params":{"textDocumentUri":"file:///d%3A/Cursos/Next%20Level%20Week/server/src/controllers/PointsController.ts"}}
Content-Length: 168
{"jsonrpc":"2.0","method":"$advpl/textDocumentDidView","params":{"textDocumentUri":"file:///d%3A/Cursos/Next%20Level%20Week/server/src/controllers/ItemsController.ts"}}
Content-Length: 169
{"jsonrpc":"2.0","method":"$advpl/textDocumentDidView","params":{"textDocumentUri":"file:///d%3A/Cursos/Next%20Level%20Week/server/src/controllers/PointsController.ts"}}
Content-Length: 168
{"jsonrpc":"2.0","method":"$advpl/textDocumentDidView","params":{"textDocumentUri":"file:///d%3A/Cursos/Next%20Level%20Week/server/src/controllers/ItemsController.ts"}}
Content-Length: 147
{"jsonrpc":"2.0","method":"$advpl/textDocumentDidView","params":{"textDocumentUri":"file:///d%3A/Cursos/Next%20Level%20Week/server/src/routes.ts"}}
Content-Length: 168
{"jsonrpc":"2.0","method":"$advpl/textDocumentDidView","params":{"textDocumentUri":"file:///d%3A/Cursos/Next%20Level%20Week/server/src/controllers/ItemsController.ts"}}
Content-Length: 147
{"jsonrpc":"2.0","method":"$advpl/textDocumentDidView","params":{"textDocumentUri":"file:///d%3A/Cursos/Next%20Level%20Week/server/src/routes.ts"}}
Content-Length: 168
{"jsonrpc":"2.0","method":"$advpl/textDocumentDidView","params":{"textDocumentUri":"file:///d%3A/Cursos/Next%20Level%20Week/server/src/controllers/ItemsController.ts"}}
Content-Length: 169
{"jsonrpc":"2.0","method":"$advpl/textDocumentDidView","params":{"textDocumentUri":"file:///d%3A/Cursos/Next%20Level%20Week/server/src/controllers/PointsController.ts"}}
Content-Length: 168
{"jsonrpc":"2.0","method":"$advpl/textDocumentDidView","params":{"textDocumentUri":"file:///d%3A/Cursos/Next%20Level%20Week/server/src/controllers/ItemsController.ts"}}
Content-Length: 147
{"jsonrpc":"2.0","method":"$advpl/textDocumentDidView","params":{"textDocumentUri":"file:///d%3A/Cursos/Next%20Level%20Week/server/src/routes.ts"}}
Content-Length: 168
{"jsonrpc":"2.0","method":"$advpl/textDocumentDidView","params":{"textDocumentUri":"file:///d%3A/Cursos/Next%20Level%20Week/server/src/controllers/ItemsController.ts"}}
Content-Length: 147
{"jsonrpc":"2.0","method":"$advpl/textDocumentDidView","params":{"textDocumentUri":"file:///d%3A/Cursos/Next%20Level%20Week/server/src/routes.ts"}}
Content-Length: 169
{"jsonrpc":"2.0","method":"$advpl/textDocumentDidView","params":{"textDocumentUri":"file:///d%3A/Cursos/Next%20Level%20Week/server/src/controllers/PointsController.ts"}}
Content-Length: 168
{"jsonrpc":"2.0","method":"$advpl/textDocumentDidView","params":{"textDocumentUri":"file:///d%3A/Cursos/Next%20Level%20Week/server/src/controllers/ItemsController.ts"}}
Content-Length: 147
{"jsonrpc":"2.0","method":"$advpl/textDocumentDidView","params":{"textDocumentUri":"file:///d%3A/Cursos/Next%20Level%20Week/server/src/routes.ts"}}
Content-Length: 169
{"jsonrpc":"2.0","method":"$advpl/textDocumentDidView","params":{"textDocumentUri":"file:///d%3A/Cursos/Next%20Level%20Week/server/src/controllers/PointsController.ts"}}
Content-Length: 168
{"jsonrpc":"2.0","method":"$advpl/textDocumentDidView","params":{"textDocumentUri":"file:///d%3A/Cursos/Next%20Level%20Week/server/src/controllers/ItemsController.ts"}}
Content-Length: 169
{"jsonrpc":"2.0","method":"$advpl/textDocumentDidView","params":{"textDocumentUri":"file:///d%3A/Cursos/Next%20Level%20Week/server/src/controllers/PointsController.ts"}}
Content-Length: 147
{"jsonrpc":"2.0","method":"$advpl/textDocumentDidView","params":{"textDocumentUri":"file:///d%3A/Cursos/Next%20Level%20Week/server/src/routes.ts"}}
Content-Length: 169
{"jsonrpc":"2.0","method":"$advpl/textDocumentDidView","params":{"textDocumentUri":"file:///d%3A/Cursos/Next%20Level%20Week/server/src/controllers/PointsController.ts"}}
Content-Length: 147
{"jsonrpc":"2.0","method":"$advpl/textDocumentDidView","params":{"textDocumentUri":"file:///d%3A/Cursos/Next%20Level%20Week/server/src/routes.ts"}}
Content-Length: 169
{"jsonrpc":"2.0","method":"$advpl/textDocumentDidView","params":{"textDocumentUri":"file:///d%3A/Cursos/Next%20Level%20Week/server/src/controllers/PointsController.ts"}}
Content-Length: 147
{"jsonrpc":"2.0","method":"$advpl/textDocumentDidView","params":{"textDocumentUri":"file:///d%3A/Cursos/Next%20Level%20Week/server/src/server.ts"}}
Content-Length: 146
{"jsonrpc":"2.0","method":"$advpl/textDocumentDidView","params":{"textDocumentUri":"file:///d%3A/Cursos/Next%20Level%20Week/server/package.json"}}
Content-Length: 147
{"jsonrpc":"2.0","method":"$advpl/textDocumentDidView","params":{"textDocumentUri":"file:///d%3A/Cursos/Next%20Level%20Week/server/src/server.ts"}}
Content-Length: 169
{"jsonrpc":"2.0","method":"$advpl/textDocumentDidView","params":{"textDocumentUri":"file:///d%3A/Cursos/Next%20Level%20Week/server/src/controllers/PointsController.ts"}}
Content-Length: 147
{"jsonrpc":"2.0","method":"$advpl/textDocumentDidView","params":{"textDocumentUri":"file:///d%3A/Cursos/Next%20Level%20Week/server/src/server.ts"}}
Content-Length: 146
{"jsonrpc":"2.0","method":"$advpl/textDocumentDidView","params":{"textDocumentUri":"file:///d%3A/Cursos/Next%20Level%20Week/server/package.json"}}
Content-Length: 168
{"jsonrpc":"2.0","method":"$advpl/textDocumentDidView","params":{"textDocumentUri":"file:///d%3A/Cursos/Next%20Level%20Week/server/src/controllers/ItemsController.ts"}}
